Log file open, 09/26/18 12:44:19
LogWindows: Failed to load 'aqProf.dll' (GetLastError=126)
LogWindows: File 'aqProf.dll' does not exist
LogWindows: Failed to load 'VSPerf140.dll' (GetLastError=126)
LogWindows: File 'VSPerf140.dll' does not exist
LogWindows: Failed to load 'VtuneApi.dll' (GetLastError=126)
LogWindows: File 'VtuneApi.dll' does not exist
LogWindows: Failed to load 'VtuneApi32e.dll' (GetLastError=126)
LogWindows: File 'VtuneApi32e.dll' does not exist
LogInit: Display: Running engine for game: Carnival_Craze
LogPlatformFile: Not using cached read wrapper
LogTaskGraph: Started task graph with 5 named threads and 23 total threads with 3 sets of task threads.
LogStats: Stats thread started at 5.860355
LogD3D11RHI: Loaded GFSDK_Aftermath_Lib.x64.dll
LogICUInternationalization: Display: ICU TimeZone Detection - Raw Offset: -6:00, Platform Override: ''
LogPluginManager: Mounting plugin Paper2D
LogPluginManager: Mounting plugin AISupport
LogPluginManager: Mounting plugin LightPropagationVolume
LogPluginManager: Mounting plugin CLionSourceCodeAccess
LogPluginManager: Mounting plugin CodeLiteSourceCodeAccess
LogPluginManager: Mounting plugin GitSourceControl
LogPluginManager: Mounting plugin KDevelopSourceCodeAccess
LogPluginManager: Mounting plugin NullSourceCodeAccess
LogPluginManager: Mounting plugin PerforceSourceControl
LogPluginManager: Mounting plugin SubversionSourceControl
LogPluginManager: Mounting plugin UObjectPlugin
LogPluginManager: Mounting plugin VisualStudioCodeSourceCodeAccess
LogPluginManager: Mounting plugin VisualStudioSourceCodeAccess
LogPluginManager: Mounting plugin XCodeSourceCodeAccess
LogPluginManager: Mounting plugin AssetManagerEditor
LogPluginManager: Mounting plugin CryptoKeys
LogPluginManager: Mounting plugin DataValidation
LogPluginManager: Mounting plugin FacialAnimation
LogPluginManager: Mounting plugin GameplayTagsEditor
LogPluginManager: Mounting plugin MacGraphicsSwitching
LogPluginManager: Mounting plugin MeshEditor
LogPluginManager: Mounting plugin MobileLauncherProfileWizard
LogPluginManager: Mounting plugin PluginBrowser
LogPluginManager: Mounting plugin SpeedTreeImporter
LogPluginManager: Mounting plugin DatasmithContent
LogPluginManager: Mounting plugin AlembicImporter
LogPluginManager: Mounting plugin AppleImageUtils
LogPluginManager: Mounting plugin AppleVision
LogPluginManager: Mounting plugin BackChannel
LogPluginManager: Mounting plugin CharacterAI
LogPluginManager: Mounting plugin GeometryCache
LogPluginManager: Mounting plugin HTML5Networking
LogPluginManager: Mounting plugin ProxyLODPlugin
LogPluginManager: Mounting plugin MagicLeap
LogPluginManager: Mounting plugin MagicLeapEmulator
LogPluginManager: Mounting plugin MagicLeapMedia
LogPluginManager: Mounting plugin AndroidMedia
LogPluginManager: Mounting plugin AvfMedia
LogPluginManager: Mounting plugin ImgMedia
LogPluginManager: Mounting plugin LinearTimecode
LogPluginManager: Mounting plugin MediaCompositing
LogPluginManager: Mounting plugin MediaPlayerEditor
LogPluginManager: Mounting plugin WmfMedia
LogPluginManager: Mounting plugin TcpMessaging
LogPluginManager: Mounting plugin UdpMessaging
LogPluginManager: Mounting plugin ActorSequence
LogPluginManager: Mounting plugin LevelSequenceEditor
LogPluginManager: Mounting plugin MatineeToLevelSequence
LogPluginManager: Mounting plugin NetcodeUnitTest
LogPluginManager: Mounting plugin NUTUnrealEngine4
LogPluginManager: Mounting plugin OnlineSubsystemGooglePlay
LogPluginManager: Mounting plugin OnlineSubsystemIOS
LogPluginManager: Mounting plugin OnlineSubsystem
LogPluginManager: Mounting plugin OnlineSubsystemNull
LogPluginManager: Mounting plugin OnlineSubsystemUtils
LogPluginManager: Mounting plugin LauncherChunkInstaller
LogPluginManager: Mounting plugin AndroidDeviceProfileSelector
LogPluginManager: Mounting plugin AndroidMoviePlayer
LogPluginManager: Mounting plugin AndroidPermission
LogPluginManager: Mounting plugin AppleMoviePlayer
LogPluginManager: Mounting plugin ArchVisCharacter
LogPluginManager: Mounting plugin AudioCapture
LogPluginManager: Mounting plugin CableComponent
LogPluginManager: Mounting plugin CustomMeshComponent
LogPluginManager: Mounting plugin EditableMesh
LogPluginManager: Mounting plugin ExampleDeviceProfileSelector
LogPluginManager: Mounting plugin GoogleCloudMessaging
LogPluginManager: Mounting plugin ImmediatePhysics
LogPluginManager: Mounting plugin IOSDeviceProfileSelector
LogPluginManager: Mounting plugin LinuxDeviceProfileSelector
LogPluginManager: Mounting plugin LocationServicesBPLibrary
LogPluginManager: Mounting plugin MobilePatchingUtils
LogPluginManager: Mounting plugin OculusVR
LogPluginManager: Plugin shader directory ../../../Engine/Plugins/Runtime/Oculus/OculusVR/Shaders found
LogPluginManager: Mapping shader source directory ../../../Engine/Plugins/Runtime/Oculus/OculusVR/Shaders to virtual directory /Plugin/OculusVR
LogPluginManager: Mounting plugin PhysXVehicles
LogPluginManager: Mounting plugin ProceduralMeshComponent
LogPluginManager: Mounting plugin RuntimePhysXCooking
LogPluginManager: Mounting plugin SteamVR
LogPluginManager: Mounting plugin WindowsMoviePlayer
LogStreaming: Display: Took  0.753s to configure plugins.
LogInit: Using libcurl 7.55.1-DEV
LogInit:  - built for x86_64-pc-win32
LogInit:  - supports SSL with OpenSSL/1.0.2h
LogInit:  - supports HTTP deflate (compression) using libz 1.2.8
LogInit:  - other features:
LogInit:      CURL_VERSION_SSL
LogInit:      CURL_VERSION_LIBZ
LogInit:      CURL_VERSION_IPV6
LogInit:      CURL_VERSION_ASYNCHDNS
LogInit:      CURL_VERSION_LARGEFILE
LogInit:      CURL_VERSION_IDN
LogInit:  CurlRequestOptions (configurable via config and command line):
LogInit:  - bVerifyPeer = false  - Libcurl will NOT verify peer certificate
LogInit:  - bUseHttpProxy = false  - Libcurl will NOT use HTTP proxy
LogInit:  - bDontReuseConnections = false  - Libcurl will reuse connections
LogInit:  - CertBundlePath = nullptr  - Libcurl will use whatever was configured at build time.
LogInit:  - MaxHostConnections = 16  - Libcurl will limit the number of connections to a host
LogInit:  - LocalHostAddr = Default
LogInit:  - BufferSize = 65536
LogInit: WinSock: version 1.1 (2.2), MaxSocks=32767, MaxUdp=65467
LogInit: Build: ++UE4+Release-4.20-CL-4369336
LogInit: Engine Version: 4.20.3-4369336+++UE4+Release-4.20
LogInit: Compatible Engine Version: 4.20.0-4212847+++UE4+Release-4.20
LogInit: Net CL: 4212847
LogInit: OS: Windows 10 (), CPU: Intel(R) Core(TM) i7-6700HQ CPU @ 2.60GHz, GPU: Intel(R) HD Graphics 530
LogInit: Compiled (64-bit): Sep 17 2018 12:26:19
LogInit: Compiled with Visual C++: 19.13.26129.00
LogInit: Build Configuration: Development
LogInit: Branch Name: ++UE4+Release-4.20
LogInit: Command Line:  
LogInit: Base Directory: D:/Program Files (x86)/Epic Games/UE_4.20/Engine/Binaries/Win64/
LogInit: Installed Engine Build: 1
LogDevObjectVersion: Number of dev versions registered: 20
LogDevObjectVersion:   Dev-Blueprints (B0D832E4-1F89-4F0D-ACCF-7EB736FD4AA2): 10
LogDevObjectVersion:   Dev-Build (E1C64328-A22C-4D53-A36C-8E866417BD8C): 0
LogDevObjectVersion:   Dev-Core (375EC13C-06E4-48FB-B500-84F0262A717E): 2
LogDevObjectVersion:   Dev-Editor (E4B068ED-F494-42E9-A231-DA0B2E46BB41): 24
LogDevObjectVersion:   Dev-Framework (CFFC743F-43B0-4480-9391-14DF171D2073): 34
LogDevObjectVersion:   Dev-Mobile (B02B49B5-BB20-44E9-A304-32B752E40360): 2
LogDevObjectVersion:   Dev-Networking (A4E4105C-59A1-49B5-A7C5-40C4547EDFEE): 0
LogDevObjectVersion:   Dev-Online (39C831C9-5AE6-47DC-9A44-9C173E1C8E7C): 0
LogDevObjectVersion:   Dev-Physics (78F01B33-EBEA-4F98-B9B4-84EACCB95AA2): 0
LogDevObjectVersion:   Dev-Platform (6631380F-2D4D-43E0-8009-CF276956A95A): 0
LogDevObjectVersion:   Dev-Rendering (12F88B9F-8875-4AFC-A67C-D90C383ABD29): 26
LogDevObjectVersion:   Dev-Sequencer (7B5AE74C-D270-4C10-A958-57980B212A5A): 9
LogDevObjectVersion:   Dev-VR (D7296918-1DD6-4BDD-9DE2-64A83CC13884): 2
LogDevObjectVersion:   Dev-LoadTimes (C2A15278-BFE7-4AFE-6C17-90FF531DF755): 1
LogDevObjectVersion:   Private-Geometry (6EACA3D4-40EC-4CC1-B786-8BED09428FC5): 3
LogDevObjectVersion:   Dev-AnimPhys (29E575DD-E0A3-4627-9D10-D276232CDCEA): 17
LogDevObjectVersion:   Dev-ReflectionCapture (6B266CEC-1EC7-4B8F-A30B-E4D90942FC07): 1
LogDevObjectVersion:   Dev-Automation (0DF73D61-A23F-47EA-B727-89E90C41499A): 1
LogDevObjectVersion:   FortniteMain (601D1886-AC64-4F84-AA16-D3DE0DEAC7D6): 12
LogDevObjectVersion:   Dev-Enterprise (9DFFBCD6-494F-0158-E221-12823C92A888): 1
LogStreaming: Display: Took  0.019s to delete old logs.
LogInit: Presizing for max 8388607 objects, including 0 objects not considered by GC, pre-allocating 0 bytes for permanent pool.
LogInit: Object subsystem initialized
[2018.09.26-17.44.25:219][  0]LogInit: Selected Device Profile: [Windows]
[2018.09.26-17.44.25:220][  0]LogInit: Applying CVar settings loaded from the selected device profile: [Windows]
[2018.09.26-17.44.25:378][  0]LogHAL: Display: Platform has ~ 8 GB [8374824960 / 8589934592 / 8], which maps to Default [LargestMinGB=32, LargerMinGB=12, DefaultMinGB=8, SmallerMinGB=6, SmallestMinGB=0)
[2018.09.26-17.44.25:435][  0]LogInit: Setting Device Profile CVar: [[r.Vulkan.UseRealUBs:1]]
[2018.09.26-17.44.25:452][  0]LogInit: Going up to parent DeviceProfile []
[2018.09.26-17.44.25:511][  0]LogInit: Computer: LAPTOP-D60NJJ17
[2018.09.26-17.44.25:512][  0]LogInit: User: jjhh9
[2018.09.26-17.44.25:512][  0]LogInit: CPU Page size=4096, Cores=4
[2018.09.26-17.44.25:512][  0]LogInit: High frequency timer resolution =2.531247 MHz
[2018.09.26-17.44.25:530][  0]LogMemory: Memory total: Physical=7.8GB (8GB approx)
[2018.09.26-17.44.25:531][  0]LogMemory: Platform Memory Stats for Windows
[2018.09.26-17.44.25:531][  0]LogMemory: Process Physical Memory: 99.39 MB used, 99.39 MB peak
[2018.09.26-17.44.25:531][  0]LogMemory: Process Virtual Memory: 90.91 MB used, 90.91 MB peak
[2018.09.26-17.44.25:531][  0]LogMemory: Physical Memory: 6996.54 MB used,  990.32 MB free, 7986.86 MB total
[2018.09.26-17.44.25:531][  0]LogMemory: Virtual Memory: 4644.98 MB used,  990.32 MB free, 134217728.00 MB total
[2018.09.26-17.44.28:118][  0]LogInit: Using OS detected language (en-US).
[2018.09.26-17.44.28:118][  0]LogInit: Using OS detected locale (en-US).
[2018.09.26-17.44.28:303][  0]LogTextLocalizationManager: No specific localization for 'en-US' exists, so the 'en' localization will be used.
[2018.09.26-17.44.29:801][  0]LogStreaming: Display: Took  1.694s to InitEngineTextLocalization.
[2018.09.26-17.44.29:820][  0]LogInit: Setting process to per monitor DPI aware
[2018.09.26-17.44.31:600][  0]LogSlate: New Slate User Created.  User Index 0, Is Virtual User: 0
[2018.09.26-17.44.31:601][  0]LogSlate: Slate User Registered.  User Index 0, Is Virtual User: 0
[2018.09.26-17.44.35:380][  0]LogHMD: Failed to initialize OpenVR with code 110
[2018.09.26-17.44.35:380][  0]LogD3D11RHI: D3D11 adapters:
[2018.09.26-17.44.35:601][  0]LogD3D11RHI:    0. 'NVIDIA GeForce GTX 950M' (Feature Level 11_0)
[2018.09.26-17.44.35:601][  0]LogD3D11RHI:       4055/0/3993 MB DedicatedVideo/DedicatedSystem/SharedSystem, Outputs:1, VendorId:0x10de
[2018.09.26-17.44.35:650][  0]LogD3D11RHI:    1. 'Intel(R) HD Graphics 530' (Feature Level 11_0)
[2018.09.26-17.44.35:651][  0]LogD3D11RHI:       128/0/3993 MB DedicatedVideo/DedicatedSystem/SharedSystem, Outputs:0, VendorId:0x8086
[2018.09.26-17.44.35:681][  0]LogD3D11RHI:    2. 'Microsoft Basic Render Driver' (Feature Level 11_0)
[2018.09.26-17.44.35:681][  0]LogD3D11RHI:       0/0/3993 MB DedicatedVideo/DedicatedSystem/SharedSystem, Outputs:0, VendorId:0x1414
[2018.09.26-17.44.35:681][  0]LogD3D11RHI: Chosen D3D11 Adapter: 0
[2018.09.26-17.44.35:753][  0]LogD3D11RHI: Creating new Direct3DDevice
[2018.09.26-17.44.35:753][  0]LogD3D11RHI:     GPU DeviceId: 0x139a (for the marketing name, search the web for "GPU Device Id")
[2018.09.26-17.44.35:785][  0]LogWindows: EnumDisplayDevices:
[2018.09.26-17.44.35:786][  0]LogWindows:    0. 'Intel(R) HD Graphics 530' (P:1 D:1)
[2018.09.26-17.44.35:787][  0]LogWindows:    1. 'Intel(R) HD Graphics 530' (P:0 D:0)
[2018.09.26-17.44.35:788][  0]LogWindows:    2. 'Intel(R) HD Graphics 530' (P:0 D:0)
[2018.09.26-17.44.35:789][  0]LogWindows: DebugString: PrimaryIsNotTheChoosenAdapter PrimaryIsNotTheChoosenAdapter PrimaryIsNotTheChoosenAdapter FoundDriverCount:0 
[2018.09.26-17.44.35:789][  0]LogD3D11RHI:     Adapter Name: NVIDIA GeForce GTX 950M
[2018.09.26-17.44.35:789][  0]LogD3D11RHI:   Driver Version: Unknown (internal:Unknown, unified:Unknown)
[2018.09.26-17.44.35:789][  0]LogD3D11RHI:      Driver Date: Unknown
[2018.09.26-17.44.35:789][  0]LogRHI: Texture pool is 2839 MB (70% of 4055 MB)
[2018.09.26-17.44.35:986][  0]LogD3D11RHI: Async texture creation enabled
[2018.09.26-17.44.36:599][  0]LogD3D11RHI: GPU Timing Frequency: 1000.000000 (Debug: 2 2)
[2018.09.26-17.44.36:833][  0]LogShaderCompilers: Guid format shader working directory is -9 characters bigger than the processId version (C:/Users/jjhh9/Documents/Unreal Projects/Carival_Craze/Intermediate/Shaders/WorkingDirectory/14164/).
[2018.09.26-17.44.36:834][  0]LogShaderCompilers: Cleaned the shader compiler working directory 'C:/Users/jjhh9/AppData/Local/Temp/UnrealShaderWorkingDir/582858CE439949A4987C76B776EE8C25/'.
[2018.09.26-17.44.51:622][  0]LogTemp: Display: Loaded TP AllDesktopTargetPlatform
[2018.09.26-17.44.51:754][  0]LogTemp: Display: Loaded TP MacClientTargetPlatform
[2018.09.26-17.44.51:868][  0]LogTemp: Display: Loaded TP MacNoEditorTargetPlatform
[2018.09.26-17.44.51:903][  0]LogTemp: Display: Loaded TP MacServerTargetPlatform
[2018.09.26-17.44.51:966][  0]LogTemp: Display: Loaded TP MacTargetPlatform
[2018.09.26-17.44.52:048][  0]LogTemp: Display: Loaded TP WindowsClientTargetPlatform
[2018.09.26-17.44.52:080][  0]LogTemp: Display: Loaded TP WindowsNoEditorTargetPlatform
[2018.09.26-17.44.52:117][  0]LogTemp: Display: Loaded TP WindowsServerTargetPlatform
[2018.09.26-17.44.52:153][  0]LogTemp: Display: Loaded TP WindowsTargetPlatform
[2018.09.26-17.44.52:376][  0]LogTemp: Display: Loaded TP AndroidTargetPlatform
[2018.09.26-17.44.52:376][  0]LogTemp: Display: Loaded TP AndroidTargetPlatform
[2018.09.26-17.44.52:376][  0]LogTemp: Display: Loaded TP AndroidTargetPlatform
[2018.09.26-17.44.52:376][  0]LogTemp: Display: Loaded TP AndroidTargetPlatform
[2018.09.26-17.44.52:376][  0]LogTemp: Display: Loaded TP AndroidTargetPlatform
[2018.09.26-17.44.52:376][  0]LogTemp: Display: Loaded TP AndroidTargetPlatform
[2018.09.26-17.44.52:376][  0]LogTemp: Display: Loaded TP AndroidTargetPlatform
[2018.09.26-17.44.52:376][  0]LogTemp: Display: Loaded TP AndroidTargetPlatform
[2018.09.26-17.44.52:376][  0]LogTemp: Display: Loaded TP AndroidTargetPlatform
[2018.09.26-17.44.52:377][  0]LogTemp: Display: Loaded TP AndroidTargetPlatform
[2018.09.26-17.44.52:377][  0]LogTemp: Display: Loaded TP AndroidTargetPlatform
[2018.09.26-17.44.52:377][  0]LogTemp: Display: Loaded TP AndroidTargetPlatform
[2018.09.26-17.44.52:377][  0]LogTemp: Display: Loaded TP AndroidTargetPlatform
[2018.09.26-17.44.52:377][  0]LogTemp: Display: Loaded TP AndroidTargetPlatform
[2018.09.26-17.44.52:377][  0]LogTemp: Display: Loaded TP AndroidTargetPlatform
[2018.09.26-17.44.52:377][  0]LogTemp: Display: Loaded TP AndroidTargetPlatform
[2018.09.26-17.44.52:377][  0]LogTemp: Display: Loaded TP AndroidTargetPlatform
[2018.09.26-17.44.52:377][  0]LogTemp: Display: Loaded TP AndroidTargetPlatform
[2018.09.26-17.44.52:433][  0]LogTemp: Display: Loaded TP HTML5TargetPlatform
[2018.09.26-17.44.52:743][  0]LogTemp: Display: Loaded TP IOSTargetPlatform
[2018.09.26-17.44.52:743][  0]LogTemp: Display: Loaded TP IOSTargetPlatform
[2018.09.26-17.44.52:878][  0]LogTemp: Display: Loaded TP TVOSTargetPlatform
[2018.09.26-17.44.52:878][  0]LogTemp: Display: Loaded TP TVOSTargetPlatform
[2018.09.26-17.44.52:934][  0]LogTemp: Display: Loaded TP LinuxClientTargetPlatform
[2018.09.26-17.44.53:188][  0]LogTemp: Display: Loaded TP LinuxNoEditorTargetPlatform
[2018.09.26-17.44.53:275][  0]LogTemp: Display: Loaded TP LinuxServerTargetPlatform
[2018.09.26-17.44.53:527][  0]LogTemp: Display: Loaded TP LinuxTargetPlatform
[2018.09.26-17.44.53:726][  0]LogTemp: Display: Loaded TP LuminTargetPlatform
[2018.09.26-17.44.53:726][  0]LogTargetPlatformManager: Display: Building Assets For Windows
[2018.09.26-17.44.58:001][  0]LogXGEController: Cleaning working directory: C:/Users/jjhh9/AppData/Local/Temp/UnrealXGEWorkingDir/
[2018.09.26-17.44.58:002][  0]LogXGEController: Cannot use XGE Controller as Incredibuild is not installed on this machine.
[2018.09.26-17.44.58:002][  0]LogShaderCompilers: Cannot use XGE Shader Compiler as Incredibuild is not installed on this machine.
[2018.09.26-17.44.58:021][  0]LogShaderCompilers: Display: Using Local Shader Compiler.
[2018.09.26-17.45.07:269][  0]LogDerivedDataCache: Display: Max Cache Size: 512 MB
[2018.09.26-17.45.07:637][  0]LogDerivedDataCache: Loaded boot cache 0.37s 72MB C:/Users/jjhh9/AppData/Local/UnrealEngine/4.20/DerivedDataCache/Boot.ddc.
[2018.09.26-17.45.07:637][  0]LogDerivedDataCache: Display: Loaded Boot cache: C:/Users/jjhh9/AppData/Local/UnrealEngine/4.20/DerivedDataCache/Boot.ddc
[2018.09.26-17.45.07:637][  0]LogDerivedDataCache: FDerivedDataBackendGraph:  Pak pak cache file C:/Users/jjhh9/Documents/Unreal Projects/Carival_Craze/DerivedDataCache/DDC.ddp not found, will not use a pak cache.
[2018.09.26-17.45.07:637][  0]LogDerivedDataCache: Unable to find inner node Pak for hierarchical cache Hierarchy.
[2018.09.26-17.45.07:637][  0]LogDerivedDataCache: FDerivedDataBackendGraph:  CompressedPak pak cache file C:/Users/jjhh9/Documents/Unreal Projects/Carival_Craze/DerivedDataCache/Compressed.ddp not found, will not use a pak cache.
[2018.09.26-17.45.07:637][  0]LogDerivedDataCache: Unable to find inner node CompressedPak for hierarchical cache Hierarchy.
[2018.09.26-17.45.08:019][  0]LogDerivedDataCache: Display: Pak cache opened for reading ../../../Engine/DerivedDataCache/Compressed.ddp.
[2018.09.26-17.45.08:038][  0]LogDerivedDataCache: Using Local data cache path C:/Users/jjhh9/AppData/Local/UnrealEngine/Common/DerivedDataCache: Writable
[2018.09.26-17.45.08:038][  0]LogDerivedDataCache: Shared data cache path not found in *engine.ini, will not use an Shared cache.
[2018.09.26-17.45.08:038][  0]LogDerivedDataCache: Unable to find inner node Shared for hierarchical cache Hierarchy.
[2018.09.26-17.45.08:144][  0]LogMaterial: Verifying Global Shaders for PCD3D_SM5
[2018.09.26-17.45.08:326][  0]LogSlate: Using FreeType 2.6.0
[2018.09.26-17.45.08:454][  0]LogSlate: SlateFontServices - WITH_FREETYPE: 1, WITH_HARFBUZZ: 1
[2018.09.26-17.45.22:169][  0]LogAssetRegistry: FAssetRegistry took 0.3006 seconds to start up
[2018.09.26-17.45.30:252][  0]LogInit: Selected Device Profile: [Windows]
[2018.09.26-17.45.34:408][  0]LogSimplygon: Simplygon DLL not present - disabling.
[2018.09.26-17.45.34:695][  0]LogMeshReduction: Using SimplygonSwarm for distributed automatic mesh merging
[2018.09.26-17.45.34:695][  0]LogMeshReduction: Using ProxyLODMeshReduction for automatic mesh merging
[2018.09.26-17.45.34:695][  0]LogMeshReduction: Using QuadricMeshReduction for automatic static mesh reduction
[2018.09.26-17.45.34:695][  0]LogMeshReduction: No automatic skeletal mesh reduction module available
[2018.09.26-17.45.35:005][  0]LogNetVersion: Carnival_Craze 1.0.0, NetCL: 4212847, EngineNetVer: 5, GameNetVer: 0 (Checksum: 2675332189)
[2018.09.26-17.45.39:295][  0]LogPackageLocalizationCache: Processed 11 localized package path(s) for 2 prioritized culture(s) in 0.234583 seconds
[2018.09.26-17.45.39:304][  0]LogUObjectArray: 38425 objects as part of root set at end of initial load.
[2018.09.26-17.45.39:304][  0]LogUObjectAllocator: 6690872 out of 0 bytes used by permanent object pool.
[2018.09.26-17.45.39:304][  0]LogUObjectArray: CloseDisregardForGC: 0/0 objects in disregard for GC pool
[2018.09.26-17.46.22:866][  0]LogTcpMessaging: Initializing TcpMessaging bridge
[2018.09.26-17.46.22:920][  0]LogUdpMessaging: Initializing bridge on interface 0.0.0.0:0 to multicast group 230.0.0.1:6666.
[2018.09.26-17.46.24:573][  0]SourceControl: Source control is disabled
[2018.09.26-17.46.24:573][  0]SourceControl: Source control is disabled
[2018.09.26-17.46.24:819][  0]SourceControl: Source control is disabled
[2018.09.26-17.46.24:866][  0]SourceControl: Source control is disabled
[2018.09.26-17.46.28:051][  0]LogAndroidPermission: UAndroidPermissionCallbackProxy::GetInstance
[2018.09.26-17.46.28:574][  0]LogOcInput: OculusInput pre-init called
[2018.09.26-17.46.29:483][  0]LogEngine: Initializing Engine...
[2018.09.26-17.46.29:515][  0]LogHMD: Failed to initialize OpenVR with code 110
[2018.09.26-17.46.29:518][  0]LogStats: UGameplayTagsManager::ConstructGameplayTagTree: ImportINI prefixes -  0.000 s
[2018.09.26-17.46.29:518][  0]LogStats: UGameplayTagsManager::ConstructGameplayTagTree: Construct from data asset -  0.000 s
[2018.09.26-17.46.29:518][  0]LogStats: UGameplayTagsManager::ConstructGameplayTagTree: ImportINI -  0.000 s
[2018.09.26-17.46.29:518][  0]LogStats: UGameplayTagsManager::ConstructGameplayTagTree: GameplayTagTreeChangedEvent.Broadcast -  0.000 s
[2018.09.26-17.46.30:965][  0]LogInit: Initializing FReadOnlyCVARCache
[2018.09.26-17.46.32:682][  0]LogAIModule: Creating AISystem for world Untitled
[2018.09.26-17.46.33:304][  0]LogInit: XAudio2 using 'Headphones (Mpow Flame Stereo)' : 2 channels at 44.1 kHz using 16 bits per sample (channel mask 0x3)
[2018.09.26-17.46.33:333][  0]LogInit: FAudioDevice initialized.
[2018.09.26-17.46.33:368][  0]LogNetVersion: Set ProjectVersion to 1.0.0.0. Version Checksum will be recalculated on next use.
[2018.09.26-17.46.33:455][  0]LogDerivedDataCache: Saved boot cache 0.09s 72MB C:/Users/jjhh9/AppData/Local/UnrealEngine/4.20/DerivedDataCache/Boot.ddc.
[2018.09.26-17.46.33:456][  0]LogInit: Texture streaming: Enabled
[2018.09.26-17.46.33:837][  0]LogEngineSessionManager: EngineSessionManager initialized
[2018.09.26-17.46.33:838][  0]LogEngineSessionManager: EngineSessionManager sent abnormal shutdown report. Type=Crashed, SessionId={521F3EC1-4C29-DFBB-F7FC-BFBDBF71534A}
[2018.09.26-17.46.35:170][  0]LogInit: Transaction tracking system initialized
[2018.09.26-17.46.37:127][  0]BlueprintLog: New page: Editor Load
[2018.09.26-17.46.42:427][  0]LocalizationService: Localization service is disabled
[2018.09.26-17.46.52:556][  0]LogFileCache: Scanning file cache for directory 'C:/Users/jjhh9/Documents/Unreal Projects/Carival_Craze/Content/' took 0.04s
[2018.09.26-17.46.52:556][  0]LogCook: Display: Max memory allowance for cook 16384mb min free memory 0mb
[2018.09.26-17.46.52:571][  0]LogCook: Display: Mobile HDR setting 1
[2018.09.26-17.46.52:598][  0]LogGameplayTags: Display: UGameplayTagsManager::DoneAddingNativeTags. DelegateIsBound: 0
[2018.09.26-17.46.52:598][  0]LogStats: UGameplayTagsManager::ConstructGameplayTagTree: ImportINI prefixes -  0.000 s
[2018.09.26-17.46.52:598][  0]LogStats: UGameplayTagsManager::ConstructGameplayTagTree: Construct from data asset -  0.000 s
[2018.09.26-17.46.52:598][  0]LogStats: UGameplayTagsManager::ConstructGameplayTagTree: ImportINI -  0.000 s
[2018.09.26-17.46.52:598][  0]LogStats: UGameplayTagsManager::ConstructGameplayTagTree: GameplayTagTreeChangedEvent.Broadcast -  0.000 s
[2018.09.26-17.46.56:698][  0]SourceControl: Source control is disabled
[2018.09.26-17.46.56:740][  0]Cmd: MAP LOAD FILE="C:/Users/jjhh9/Documents/Unreal Projects/Carival_Craze/Content/VirtualRealityBP/Maps/StartupMap.umap" TEMPLATE=0 SHOWPROGRESS=1 FEATURELEVEL=3
[2018.09.26-17.46.56:806][  0]LightingResults: New page: Lighting Build
[2018.09.26-17.46.58:228][  0]MapCheck: New page: Map Check
[2018.09.26-17.46.58:228][  0]LightingResults: New page: Lighting Build
[2018.09.26-17.47.00:968][  0]LogAIModule: Creating AISystem for world StartupMap
[2018.09.26-17.47.02:735][  0]LogEditorServer: Finished looking for orphan Actors (0.000 secs)
[2018.09.26-17.47.03:315][  0]Cmd: MAP CHECKDEP NOCLEARLOG
[2018.09.26-17.47.03:875][  0]MapCheck: Map check complete: 0 Error(s), 0 Warning(s), took 560.092ms to complete.
[2018.09.26-17.47.03:925][  0]LogFileHelpers: Loading map 'StartupMap' took 7.227
[2018.09.26-17.47.08:134][  0]LogSlate: Updating window title bar state: overlay mode, drag disabled, window buttons hidden, title bar hidden
[2018.09.26-17.47.08:247][  0]LogSlate: Updating window title bar state: overlay mode, drag disabled, window buttons hidden, title bar hidden
[2018.09.26-17.47.08:258][  0]LogSlate: Updating window title bar state: overlay mode, drag disabled, window buttons hidden, title bar hidden
[2018.09.26-17.47.08:267][  0]LogSlate: Updating window title bar state: overlay mode, drag disabled, window buttons hidden, title bar hidden
[2018.09.26-17.47.08:542][  0]LogCollectionManager: Loaded 0 collections in 0.001714 seconds
[2018.09.26-17.47.08:976][  0]LogFileCache: Scanning file cache for directory 'C:/Users/jjhh9/Documents/Unreal Projects/Carival_Craze/Saved/Collections/' took 0.01s
[2018.09.26-17.47.08:976][  0]LogFileCache: Scanning file cache for directory 'C:/Users/jjhh9/Documents/Unreal Projects/Carival_Craze/Content/Developers/jjhh9/Collections/' took 0.01s
[2018.09.26-17.47.08:976][  0]LogFileCache: Scanning file cache for directory 'C:/Users/jjhh9/Documents/Unreal Projects/Carival_Craze/Content/Collections/' took 0.01s
[2018.09.26-17.47.08:976][  0]LogCollectionManager: Rebuilt the GUID cache for 0 collections in 0.000000 seconds
[2018.09.26-17.47.09:062][  0]LogContentBrowser: Native class hierarchy populated in 0.0607 seconds. Added 2572 classes and 603 folders.
[2018.09.26-17.47.09:313][  0]LogContentBrowser: Native class hierarchy updated for 'WidgetCarousel' in 0.0003 seconds. Added 0 classes and 0 folders.
[2018.09.26-17.47.10:563][  0]LogContentBrowser: Native class hierarchy updated for 'AddContentDialog' in 0.0002 seconds. Added 0 classes and 0 folders.
[2018.09.26-17.47.10:805][  0]LogContentBrowser: Native class hierarchy updated for 'SceneOutliner' in 0.0003 seconds. Added 1 classes and 2 folders.
[2018.09.26-17.47.12:424][  0]LogSlate: Took 0.172619 seconds to synchronously load lazily loaded font '../../../Engine/Content/Slate/Fonts/Roboto-Regular.ttf' (155K)
[2018.09.26-17.47.12:537][  0]LogSlate: Took 0.071714 seconds to synchronously load lazily loaded font '../../../Engine/Content/Slate/Fonts/Roboto-Bold.ttf' (160K)
[2018.09.26-17.47.12:689][  0]LogSlate: Took 0.044958 seconds to synchronously load lazily loaded font '../../../Engine/Content/Editor/Slate/Fonts/FontAwesome.ttf' (139K)
[2018.09.26-17.47.14:515][  0]LogRenderer: Reallocating scene render targets to support 964x436 Format 26 NumSamples 1 (Frame:1).
[2018.09.26-17.47.17:997][  0]LogContentBrowser: Native class hierarchy updated for 'HierarchicalLODOutliner' in 0.0003 seconds. Added 0 classes and 0 folders.
[2018.09.26-17.47.17:997][  0]LogLoad: (Engine Initialization) Total time: 205.92 seconds
[2018.09.26-17.47.17:997][  0]LogLoad: (Engine Initialization) Total Blueprint compile time: 0.00 seconds
[2018.09.26-17.47.19:403][  0]LogContentStreaming: Texture pool size now 1000 MB
[2018.09.26-17.47.20:922][  1]LogSlate: Took 0.082675 seconds to synchronously load lazily loaded font '../../../Engine/Content/Slate/Fonts/Roboto-Light.ttf' (167K)
[2018.09.26-17.47.21:749][  6]LogAssetRegistry: Asset discovery search completed in 119.8082 seconds
[2018.09.26-17.47.21:751][  6]LogCollectionManager: Rebuilt the object cache for 0 collections in 0.000000 seconds (found 0 objects)
[2018.09.26-17.47.21:751][  6]LogCollectionManager: Fixed up redirectors for 0 collections in 0.000078 seconds (updated 0 objects)
[2018.09.26-17.47.24:084][203]LogSlate: FSceneViewport::OnFocusLost() reason 0
[2018.09.26-17.47.24:344][216]LogSlate: Took 0.004660 seconds to synchronously load lazily loaded font '../../../Engine/Content/Slate/Fonts/Roboto-Light.ttf' (167K)
[2018.09.26-17.47.27:116][216]LogAIModule: Creating AISystem for world carnival_craze
[2018.09.26-17.47.27:614][216]LogAssetEditorManager: Opening Asset editor for World /Game/carnival_craze.carnival_craze
[2018.09.26-17.47.27:847][216]Cmd: MAP LOAD FILE="C:/Users/jjhh9/Documents/Unreal Projects/Carival_Craze/Content/carnival_craze.umap" TEMPLATE=0 SHOWPROGRESS=1 FEATURELEVEL=3
[2018.09.26-17.47.27:848][216]LightingResults: New page: Lighting Build
[2018.09.26-17.47.27:849][216]LoadErrors: New page: Loading map: carnival_craze.umap
[2018.09.26-17.47.28:047][216]MapCheck: New page: Map Check
[2018.09.26-17.47.28:047][216]LightingResults: New page: Lighting Build
[2018.09.26-17.47.28:366][216]LogEditorServer: Finished looking for orphan Actors (0.000 secs)
[2018.09.26-17.47.28:536][216]Cmd: MAP CHECKDEP NOCLEARLOG
[2018.09.26-17.47.28:808][216]MapCheck: Map check complete: 0 Error(s), 0 Warning(s), took 271.008ms to complete.
[2018.09.26-17.47.28:812][216]LogFileHelpers: Loading map 'carnival_craze' took 1.085
[2018.09.26-17.48.27:577][410]LogSlate: FSceneViewport::OnFocusLost() reason 0
[2018.09.26-17.49.27:065][838]LogMaterial: Display: Missing cached shader map for material T_CobbleStone_Smooth_M_Mat, compiling. 
[2018.09.26-17.49.27:390][838]LogShaderCompilers: Display: Shaders left to compile 22
[2018.09.26-17.49.27:390][838]LogShaderCompilers: Display: Shaders left to compile 12
[2018.09.26-17.49.27:390][838]LogShaderCompilers: Display: Shaders left to compile 2
[2018.09.26-17.49.27:778][839]LogMaterial: Warning: Material /Game/StarterContent/Textures/T_CobbleStone_Smooth_M_Mat.T_CobbleStone_Smooth_M_Mat needed to have new flag set bUsedWithStaticLighting !
[2018.09.26-17.49.27:825][839]LogMaterial: Display: Missing cached shader map for material T_CobbleStone_Smooth_M_Mat, compiling. 
[2018.09.26-17.49.28:138][862]LogShaderCompilers: Display: Shaders left to compile 31
[2018.09.26-17.49.31:765][234]LogShaderCompilers: Display: Shaders left to compile 21
[2018.09.26-17.49.35:149][509]LogShaderCompilers: Display: Shaders left to compile 11
[2018.09.26-17.49.35:275][520]LogShaderCompilers: Display: Shaders left to compile 1
[2018.09.26-17.49.38:463][801]LogSlate: FSceneViewport::OnFocusLost() reason 0
[2018.09.26-17.49.41:327][ 48]LogSlate: FSceneViewport::OnFocusLost() reason 0
[2018.09.26-17.49.44:485][390]LogSlate: FSceneViewport::OnFocusLost() reason 0
[2018.09.26-17.49.46:485][591]LogSlate: FSceneViewport::OnFocusLost() reason 0
[2018.09.26-17.49.46:939][624]LogMaterial: Display: Missing cached shader map for material T_CobbleStone_Smooth_Mat, compiling. 
[2018.09.26-17.49.46:958][624]LogShaderCompilers: Display: Shaders left to compile 22
[2018.09.26-17.49.46:958][624]LogShaderCompilers: Display: Shaders left to compile 12
[2018.09.26-17.49.46:958][624]LogShaderCompilers: Display: Shaders left to compile 2
[2018.09.26-17.49.46:962][624]LogMaterial: Warning: Material /Game/StarterContent/Textures/T_CobbleStone_Smooth_Mat.T_CobbleStone_Smooth_Mat needed to have new flag set bUsedWithStaticLighting !
[2018.09.26-17.49.47:009][624]LogMaterial: Display: Missing cached shader map for material T_CobbleStone_Smooth_Mat, compiling. 
[2018.09.26-17.49.47:032][624]LogShaderCompilers: Display: Shaders left to compile 31
[2018.09.26-17.49.47:667][663]LogSlate: FSceneViewport::OnFocusLost() reason 0
[2018.09.26-17.49.47:903][681]LogShaderCompilers: Display: Shaders left to compile 21
[2018.09.26-17.49.50:575][898]LogSlate: FSceneViewport::OnFocusLost() reason 0
[2018.09.26-17.49.50:855][917]LogShaderCompilers: Display: Shaders left to compile 11
[2018.09.26-17.49.50:946][923]LogShaderCompilers: Display: Shaders left to compile 1
[2018.09.26-17.49.51:628][971]LogSlate: FSceneViewport::OnFocusLost() reason 0
[2018.09.26-17.49.53:135][ 95]LogSlate: FSceneViewport::OnFocusLost() reason 0
[2018.09.26-17.49.53:893][124]LogMaterial: Display: Missing cached shader map for material T_CobbleStone_Rough_Mat, compiling. 
[2018.09.26-17.49.53:910][124]LogShaderCompilers: Display: Shaders left to compile 22
[2018.09.26-17.49.53:941][125]LogMaterial: Warning: Material /Game/StarterContent/Textures/T_CobbleStone_Rough_Mat.T_CobbleStone_Rough_Mat needed to have new flag set bUsedWithStaticLighting !
[2018.09.26-17.49.53:971][125]LogMaterial: Display: Missing cached shader map for material T_CobbleStone_Rough_Mat, compiling. 
[2018.09.26-17.49.54:012][125]LogShaderCompilers: Display: Shaders left to compile 43
[2018.09.26-17.49.54:814][196]LogShaderCompilers: Display: Shaders left to compile 33
[2018.09.26-17.49.57:261][404]LogShaderCompilers: Display: Shaders left to compile 23
[2018.09.26-17.49.57:425][415]LogSlate: FSceneViewport::OnFocusLost() reason 0
[2018.09.26-17.49.57:677][434]LogShaderCompilers: Display: Shaders left to compile 13
[2018.09.26-17.49.58:090][469]LogShaderCompilers: Display: Shaders left to compile 3
[2018.09.26-17.50.05:630][173]LogSlate: FSceneViewport::OnFocusLost() reason 0
[2018.09.26-17.50.22:860][107]LogSlate: FSceneViewport::OnFocusLost() reason 2
[2018.09.26-17.50.25:351][334]LogSlate: FSceneViewport::OnFocusLost() reason 2
[2018.09.26-17.50.25:493][334]Cmd: OBJ SAVEPACKAGE PACKAGE="/Game/carnival_craze" FILE="C:/Users/jjhh9/Documents/Unreal Projects/Carival_Craze/Content/carnival_craze.umap" SILENT=true AUTOSAVING=false KEEPDIRTY=false
[2018.09.26-17.50.26:077][334]LogSavePackage: Moving 'C:/Users/jjhh9/Documents/Unreal Projects/Carival_Craze/Saved/carnival_crazeDCDA91A84885D93A8CC4FD8D776FC1D6.tmp' to 'C:/Users/jjhh9/Documents/Unreal Projects/Carival_Craze/Content/carnival_craze.umap'
[2018.09.26-17.50.26:232][334]Cmd: OBJ SAVEPACKAGE PACKAGE="/Game/carnival_craze_BuiltData" FILE="C:/Users/jjhh9/Documents/Unreal Projects/Carival_Craze/Content/carnival_craze_BuiltData.uasset" SILENT=true
[2018.09.26-17.50.26:298][334]LogSavePackage: Moving 'C:/Users/jjhh9/Documents/Unreal Projects/Carival_Craze/Saved/carnival_craze_BuiltDataB3F76A734636D7A7DB461BA13C4AA92B.tmp' to 'C:/Users/jjhh9/Documents/Unreal Projects/Carival_Craze/Content/carnival_craze_BuiltData.uasset'
[2018.09.26-17.50.44:621][461]LogSlate: FSceneViewport::OnFocusLost() reason 0
[2018.09.26-17.50.46:661][655]LogSlate: FSceneViewport::OnFocusLost() reason 0
[2018.09.26-17.50.49:430][954]LogSlate: FSceneViewport::OnFocusLost() reason 0
[2018.09.26-17.50.49:605][968]LogRenderer: Reallocating scene render targets to support 1224x436 Format 26 NumSamples 1 (Frame:15901).
[2018.09.26-17.50.55:659][558]LogRenderer: Reallocating scene render targets to support 1224x712 Format 26 NumSamples 1 (Frame:16463).
[2018.09.26-17.50.56:995][698]LogRenderer: Reallocating scene render targets to support 1532x712 Format 26 NumSamples 1 (Frame:16592).
[2018.09.26-17.51.52:999][667]LogSlate: FSceneViewport::OnFocusLost() reason 0
[2018.09.26-17.51.56:200][677]LogSlate: Window 'Save Content' being destroyed
[2018.09.26-17.51.56:222][677]LogSlate: FSceneViewport::OnFocusLost() reason 2
[2018.09.26-17.51.56:457][677]LogSavePackage: Moving 'C:/Users/jjhh9/Documents/Unreal Projects/Carival_Craze/Saved/T_CobbleStone_Rough_MatDEC836F44A3A5473D47C66ABA57CE7A2.tmp' to 'C:/Users/jjhh9/Documents/Unreal Projects/Carival_Craze/Content/StarterContent/Textures/T_CobbleStone_Rough_Mat.uasset'
[2018.09.26-17.51.56:502][677]LogSavePackage: Moving 'C:/Users/jjhh9/Documents/Unreal Projects/Carival_Craze/Saved/T_CobbleStone_Smooth_M_MatB84E6D6A4E8B3B8758D42F8CD6C1365F.tmp' to 'C:/Users/jjhh9/Documents/Unreal Projects/Carival_Craze/Content/StarterContent/Textures/T_CobbleStone_Smooth_M_Mat.uasset'
[2018.09.26-17.51.56:550][677]LogSavePackage: Moving 'C:/Users/jjhh9/Documents/Unreal Projects/Carival_Craze/Saved/T_CobbleStone_Smooth_Mat7A13449F4BF1A3A107BD5DA0EECADF6E.tmp' to 'C:/Users/jjhh9/Documents/Unreal Projects/Carival_Craze/Content/StarterContent/Textures/T_CobbleStone_Smooth_Mat.uasset'
[2018.09.26-17.51.56:738][677]LogSlate: Window 'Carnival_Craze - Unreal Editor' being destroyed
[2018.09.26-17.51.56:740][677]LogWindowsTextInputMethodSystem: Display: IME system now deactivated.
[2018.09.26-17.51.57:089][678]Cmd: QUIT_EDITOR
[2018.09.26-17.51.57:961][678]LogExit: Preparing to exit.
[2018.09.26-17.51.59:419][678]LogExit: Editor shut down
[2018.09.26-17.51.59:419][678]LogExit: Transaction tracking system shut down
[2018.09.26-17.52.02:859][678]LogExit: Object subsystem successfully closed.
[2018.09.26-17.52.03:406][678]LogShaderCompilers: Display: Shaders left to compile 0
[2018.09.26-17.52.03:433][678]LogD3D11RHI: Shutdown
[2018.09.26-17.52.03:433][678]LogD3D11RHI: CleanupD3DDevice
[2018.09.26-17.52.03:749][678]LogD3D11RHI: ~FD3D11DynamicRHI
[2018.09.26-17.52.06:191][678]LogModuleManager: Shutting down and abandoning module HierarchicalLODOutliner (610)
[2018.09.26-17.52.06:191][678]LogModuleManager: Shutting down and abandoning module SceneOutliner (608)
[2018.09.26-17.52.06:191][678]LogModuleManager: Shutting down and abandoning module AddContentDialog (606)
[2018.09.26-17.52.06:221][678]LogModuleManager: Shutting down and abandoning module WidgetCarousel (605)
[2018.09.26-17.52.06:221][678]LogModuleManager: Shutting down and abandoning module EditorWidgets (602)
[2018.09.26-17.52.06:221][678]LogModuleManager: Shutting down and abandoning module CollectionManager (600)
[2018.09.26-17.52.06:237][678]LogModuleManager: Shutting down and abandoning module StatsViewer (598)
[2018.09.26-17.52.06:244][678]LogModuleManager: Shutting down and abandoning module FoliageEdit (596)
[2018.09.26-17.52.06:244][678]LogModuleManager: Shutting down and abandoning module LandscapeEditor (594)
[2018.09.26-17.52.06:432][678]LogModuleManager: Shutting down and abandoning module MeshPaintMode (592)
[2018.09.26-17.52.06:432][678]LogModuleManager: Shutting down and abandoning module SceneDepthPickerMode (590)
[2018.09.26-17.52.06:432][678]LogModuleManager: Shutting down and abandoning module ActorPickerMode (588)
[2018.09.26-17.52.06:432][678]LogModuleManager: Shutting down and abandoning module GeometryMode (586)
[2018.09.26-17.52.06:433][678]LogModuleManager: Shutting down and abandoning module TextureAlignMode (584)
[2018.09.26-17.52.06:433][678]LogModuleManager: Shutting down and abandoning module BspMode (582)
[2018.09.26-17.52.06:433][678]LogModuleManager: Shutting down and abandoning module PIEPreviewDeviceProfileSelector (580)
[2018.09.26-17.52.06:476][678]LogModuleManager: Shutting down and abandoning module SequenceRecorderSections (578)
[2018.09.26-17.52.06:476][678]LogModuleManager: Shutting down and abandoning module AutomationWorker (576)
[2018.09.26-17.52.06:477][678]LogModuleManager: Shutting down and abandoning module AudioCaptureEditor (574)
[2018.09.26-17.52.06:477][678]LogModuleManager: Shutting down and abandoning module SequenceRecorder (573)
[2018.09.26-17.52.06:510][678]LogModuleManager: Shutting down and abandoning module MatineeToLevelSequence (570)
[2018.09.26-17.52.06:622][678]LogModuleManager: Shutting down and abandoning module LevelSequenceEditor (568)
[2018.09.26-17.52.06:714][678]LogModuleManager: Shutting down and abandoning module PlacementMode (567)
[2018.09.26-17.52.06:714][678]LogModuleManager: Shutting down and abandoning module MaterialEditor (566)
[2018.09.26-17.52.06:786][678]LogModuleManager: Shutting down and abandoning module WmfMediaFactory (562)
[2018.09.26-17.52.06:786][678]LogModuleManager: Shutting down and abandoning module WmfMediaEditor (560)
[2018.09.26-17.52.06:786][678]LogModuleManager: Shutting down and abandoning module MediaPlayerEditor (558)
[2018.09.26-17.52.06:843][678]LogModuleManager: Shutting down and abandoning module OpenExrWrapper (556)
[2018.09.26-17.52.06:843][678]LogModuleManager: Shutting down and abandoning module ImgMediaFactory (554)
[2018.09.26-17.52.06:843][678]LogModuleManager: Shutting down and abandoning module ImgMediaEditor (552)
[2018.09.26-17.52.06:843][678]LogModuleManager: Shutting down and abandoning module AvfMediaFactory (550)
[2018.09.26-17.52.06:843][678]LogModuleManager: Shutting down and abandoning module AvfMediaEditor (548)
[2018.09.26-17.52.06:844][678]LogModuleManager: Shutting down and abandoning module AndroidMediaFactory (546)
[2018.09.26-17.52.06:844][678]LogModuleManager: Shutting down and abandoning module AndroidMediaEditor (544)
[2018.09.26-17.52.06:844][678]LogModuleManager: Shutting down and abandoning module MagicLeapCameraPreviewFactory (542)
[2018.09.26-17.52.06:844][678]LogModuleManager: Shutting down and abandoning module MagicLeapMediaFactory (540)
[2018.09.26-17.52.06:844][678]LogModuleManager: Shutting down and abandoning module MagicLeapMediaEditor (538)
[2018.09.26-17.52.06:844][678]LogModuleManager: Shutting down and abandoning module CharacterAI (536)
[2018.09.26-17.52.06:844][678]LogModuleManager: Shutting down and abandoning module SmartSnapping (534)
[2018.09.26-17.52.06:844][678]LogModuleManager: Shutting down and abandoning module SessionServices (532)
[2018.09.26-17.52.06:844][678]LogModuleManager: Shutting down and abandoning module ViewportSnapping (530)
[2018.09.26-17.52.06:844][678]LogModuleManager: Shutting down and abandoning module ViewportInteraction (528)
[2018.09.26-17.52.06:844][678]LogModuleManager: Shutting down and abandoning module ClothPainter (526)
[2018.09.26-17.52.06:957][678]LogModuleManager: Shutting down and abandoning module SkeletalMeshEditor (525)
[2018.09.26-17.52.07:044][678]LogModuleManager: Shutting down and abandoning module LogVisualizer (522)
[2018.09.26-17.52.07:202][678]LogModuleManager: Shutting down and abandoning module IntroTutorials (520)
[2018.09.26-17.52.07:292][678]LogModuleManager: Shutting down and abandoning module GameProjectGeneration (519)
[2018.09.26-17.52.07:338][678]LogModuleManager: Shutting down and abandoning module LuminPlatformEditor (516)
[2018.09.26-17.52.07:338][678]LogModuleManager: Shutting down and abandoning module IOSPlatformEditor (514)
[2018.09.26-17.52.07:350][678]LogModuleManager: Shutting down and abandoning module HTML5PlatformEditor (512)
[2018.09.26-17.52.07:350][678]LogModuleManager: Shutting down and abandoning module AndroidPlatformEditor (510)
[2018.09.26-17.52.07:350][678]LogModuleManager: Shutting down and abandoning module AndroidDeviceDetection (509)
[2018.09.26-17.52.08:487][678]LogModuleManager: Shutting down and abandoning module WindowsPlatformEditor (506)
[2018.09.26-17.52.08:487][678]LogModuleManager: Shutting down and abandoning module LuminRuntimeSettings (504)
[2018.09.26-17.52.08:487][678]LogModuleManager: Shutting down and abandoning module IOSRuntimeSettings (502)
[2018.09.26-17.52.08:487][678]LogModuleManager: Shutting down and abandoning module AndroidRuntimeSettings (500)
[2018.09.26-17.52.08:487][678]LogModuleManager: Shutting down and abandoning module InputBindingEditor (498)
[2018.09.26-17.52.08:487][678]LogModuleManager: Shutting down and abandoning module MergeActors (496)
[2018.09.26-17.52.08:596][678]LogModuleManager: Shutting down and abandoning module LocalizationDashboard (494)
[2018.09.26-17.52.08:655][678]LogModuleManager: Shutting down and abandoning module LocalizationService (493)
[2018.09.26-17.52.08:655][678]LogModuleManager: Shutting down and abandoning module HardwareTargeting (490)
[2018.09.26-17.52.08:655][678]LogModuleManager: Shutting down and abandoning module DeviceProfileEditor (488)
[2018.09.26-17.52.08:671][678]LogModuleManager: Shutting down and abandoning module UndoHistory (486)
[2018.09.26-17.52.08:712][678]LogModuleManager: Shutting down and abandoning module XmlParser (484)
[2018.09.26-17.52.08:713][678]LogModuleManager: Shutting down and abandoning module Blutility (482)
[2018.09.26-17.52.08:723][678]LogModuleManager: Shutting down and abandoning module ProjectSettingsViewer (480)
[2018.09.26-17.52.08:723][678]LogModuleManager: Shutting down and abandoning module ProjectTargetPlatformEditor (479)
[2018.09.26-17.52.08:723][678]LogModuleManager: Shutting down and abandoning module EditorSettingsViewer (476)
[2018.09.26-17.52.08:723][678]LogModuleManager: Shutting down and abandoning module SettingsEditor (474)
[2018.09.26-17.52.08:746][678]LogModuleManager: Shutting down and abandoning module ProjectLauncher (472)
[2018.09.26-17.52.08:791][678]LogModuleManager: Shutting down and abandoning module SessionFrontend (470)
[2018.09.26-17.52.08:820][678]LogModuleManager: Shutting down and abandoning module ProfilerClient (468)
[2018.09.26-17.52.08:820][678]LogModuleManager: Shutting down and abandoning module DeviceManager (466)
[2018.09.26-17.52.08:844][678]LogModuleManager: Shutting down and abandoning module TargetDeviceServices (465)
[2018.09.26-17.52.08:934][678]LogModuleManager: Shutting down and abandoning module AutomationController (462)
[2018.09.26-17.52.09:033][678]LogModuleManager: Shutting down and abandoning module AutomationWindow (460)
[2018.09.26-17.52.09:049][678]LogModuleManager: Shutting down and abandoning module Layers (458)
[2018.09.26-17.52.09:135][678]LogModuleManager: Shutting down and abandoning module ComponentVisualizers (456)
[2018.09.26-17.52.09:135][678]LogModuleManager: Shutting down and abandoning module DetailCustomizations (454)
[2018.09.26-17.52.09:224][678]LogModuleManager: Shutting down and abandoning module PackagesDialog (452)
[2018.09.26-17.52.09:224][678]LogModuleManager: Shutting down and abandoning module Persona (450)
[2018.09.26-17.52.09:291][678]LogModuleManager: Shutting down and abandoning module AdvancedPreviewScene (449)
[2018.09.26-17.52.09:291][678]LogModuleManager: Shutting down and abandoning module AnimGraph (447)
[2018.09.26-17.52.09:302][678]LogModuleManager: Shutting down and abandoning module Kismet (444)
[2018.09.26-17.52.09:344][678]LogModuleManager: Shutting down and abandoning module GraphEditor (442)
[2018.09.26-17.52.09:397][678]LogModuleManager: Shutting down and abandoning module ClassViewer (440)
[2018.09.26-17.52.09:397][678]LogModuleManager: Shutting down and abandoning module Toolbox (438)
[2018.09.26-17.52.09:397][678]LogModuleManager: Shutting down and abandoning module ModuleUI (436)
[2018.09.26-17.52.09:413][678]LogModuleManager: Shutting down and abandoning module MovieSceneTools (434)
[2018.09.26-17.52.09:442][678]LogModuleManager: Shutting down and abandoning module OutputLog (432)
[2018.09.26-17.52.09:455][678]LogModuleManager: Shutting down and abandoning module GammaUI (430)
[2018.09.26-17.52.09:455][678]LogModuleManager: Shutting down and abandoning module Documentation (428)
[2018.09.26-17.52.09:455][678]LogModuleManager: Shutting down and abandoning module MovieSceneTracks (426)
[2018.09.26-17.52.09:455][678]LogModuleManager: Shutting down and abandoning module MovieScene (424)
[2018.09.26-17.52.09:473][678]LogModuleManager: Shutting down and abandoning module StreamingPauseRendering (422)
[2018.09.26-17.52.09:473][678]LogModuleManager: Shutting down and abandoning module LauncherPlatform (420)
[2018.09.26-17.52.09:473][678]LogModuleManager: Shutting down and abandoning module AnalyticsET (418)
[2018.09.26-17.52.09:473][678]LogModuleManager: Shutting down and abandoning module PortalServices (416)
[2018.09.26-17.52.09:473][678]LogModuleManager: Shutting down and abandoning module PortalRpc (414)
[2018.09.26-17.52.09:473][678]LogModuleManager: Shutting down and abandoning module MessagingRpc (412)
[2018.09.26-17.52.09:473][678]LogModuleManager: Shutting down and abandoning module AIModule (410)
[2018.09.26-17.52.09:503][678]LogModuleManager: Shutting down and abandoning module GameplayDebugger (409)
[2018.09.26-17.52.09:536][678]LogModuleManager: Shutting down and abandoning module AITestSuite (407)
[2018.09.26-17.52.09:548][678]LogModuleManager: Shutting down and abandoning module NavigationSystem (405)
[2018.09.26-17.52.09:548][678]LogModuleManager: Shutting down and abandoning module DesktopPlatform (402)
[2018.09.26-17.52.09:548][678]LogModuleManager: Shutting down and abandoning module ProfilerService (400)
[2018.09.26-17.52.09:673][678]LogModuleManager: Shutting down and abandoning module TaskGraph (398)
[2018.09.26-17.52.09:705][678]LogModuleManager: Shutting down and abandoning module SteamVRController (396)
[2018.09.26-17.52.09:705][678]LogModuleManager: Shutting down and abandoning module ProceduralMeshComponentEditor (394)
[2018.09.26-17.52.09:705][678]LogModuleManager: Shutting down and abandoning module ProceduralMeshComponent (392)
[2018.09.26-17.52.09:720][678]LogModuleManager: Shutting down and abandoning module OculusInput (390)
[2018.09.26-17.52.09:720][678]LogModuleManager: Shutting down and abandoning module MobilePatchingUtils (388)
[2018.09.26-17.52.09:720][678]LogModuleManager: Shutting down and abandoning module EditableMesh (386)
[2018.09.26-17.52.09:720][678]LogModuleManager: Shutting down and abandoning module CustomMeshComponent (384)
[2018.09.26-17.52.09:720][678]LogModuleManager: Shutting down and abandoning module CableComponent (382)
[2018.09.26-17.52.09:720][678]LogModuleManager: Shutting down and abandoning module AudioCapture (380)
[2018.09.26-17.52.09:720][678]LogModuleManager: Shutting down and abandoning module ArchVisCharacter (378)
[2018.09.26-17.52.09:720][678]LogModuleManager: Shutting down and abandoning module AndroidPermission (376)
[2018.09.26-17.52.09:720][678]LogModuleManager: Shutting down and abandoning module NUTUnrealEngine4 (374)
[2018.09.26-17.52.09:720][678]LogModuleManager: Shutting down and abandoning module NetcodeUnitTest (372)
[2018.09.26-17.52.09:764][678]LogModuleManager: Shutting down and abandoning module MediaCompositingEditor (370)
[2018.09.26-17.52.09:764][678]LogModuleManager: Shutting down and abandoning module MediaCompositing (368)
[2018.09.26-17.52.09:764][678]LogModuleManager: Shutting down and abandoning module LinearTimecode (366)
[2018.09.26-17.52.09:764][678]LogModuleManager: Shutting down and abandoning module ImgMedia (364)
[2018.09.26-17.52.09:772][678]LogModuleManager: Shutting down and abandoning module HTML5Networking (362)
[2018.09.26-17.52.09:772][678]LogModuleManager: Shutting down and abandoning module GeometryCacheTracks (360)
[2018.09.26-17.52.09:772][678]LogModuleManager: Shutting down and abandoning module GeometryCacheSequencer (358)
[2018.09.26-17.52.09:772][678]LogModuleManager: Shutting down and abandoning module BackChannel (356)
[2018.09.26-17.52.09:772][678]LogModuleManager: Shutting down and abandoning module AppleVision (354)
[2018.09.26-17.52.09:772][678]LogModuleManager: Shutting down and abandoning module AppleImageUtils (352)
[2018.09.26-17.52.09:772][678]LogModuleManager: Shutting down and abandoning module AlembicImporter (350)
[2018.09.26-17.52.09:772][678]LogModuleManager: Shutting down and abandoning module AlembicLibrary (349)
[2018.09.26-17.52.09:772][678]LogModuleManager: Shutting down and abandoning module GeometryCache (348)
[2018.09.26-17.52.09:773][678]LogModuleManager: Shutting down and abandoning module GeometryCacheEd (347)
[2018.09.26-17.52.09:773][678]LogModuleManager: Shutting down and abandoning module DatasmithContentEditor (342)
[2018.09.26-17.52.09:773][678]LogModuleManager: Shutting down and abandoning module DatasmithContent (340)
[2018.09.26-17.52.09:773][678]LogModuleManager: Shutting down and abandoning module SpeedTreeImporter (338)
[2018.09.26-17.52.09:773][678]LogModuleManager: Shutting down and abandoning module PluginBrowser (336)
[2018.09.26-17.52.09:858][678]LogModuleManager: Shutting down and abandoning module MobileLauncherProfileWizard (334)
[2018.09.26-17.52.09:864][678]LogModuleManager: Shutting down and abandoning module PolygonModeling (332)
[2018.09.26-17.52.09:864][678]LogModuleManager: Shutting down and abandoning module MeshEditor (330)
[2018.09.26-17.52.09:864][678]LogModuleManager: Shutting down and abandoning module CryptoKeysOpenSSL (328)
[2018.09.26-17.52.09:874][678]LogModuleManager: Shutting down and abandoning module CryptoKeys (326)
[2018.09.26-17.52.09:874][678]LogModuleManager: Shutting down and abandoning module VisualStudioSourceCodeAccess (324)
[2018.09.26-17.52.09:874][678]LogModuleManager: Shutting down and abandoning module VisualStudioCodeSourceCodeAccess (322)
[2018.09.26-17.52.09:874][678]LogModuleManager: Shutting down and abandoning module UObjectPlugin (320)
[2018.09.26-17.52.09:874][678]LogModuleManager: Shutting down and abandoning module SubversionSourceControl (318)
[2018.09.26-17.52.09:917][678]LogModuleManager: Shutting down and abandoning module PerforceSourceControl (316)
[2018.09.26-17.52.09:981][678]LogModuleManager: Shutting down and abandoning module GitSourceControl (314)
[2018.09.26-17.52.10:038][678]LogModuleManager: Shutting down and abandoning module SourceControl (313)
[2018.09.26-17.52.10:046][678]LogModuleManager: Shutting down and abandoning module CLionSourceCodeAccess (310)
[2018.09.26-17.52.10:046][678]LogModuleManager: Shutting down and abandoning module LightPropagationVolumeEditor (308)
[2018.09.26-17.52.10:046][678]LogModuleManager: Shutting down and abandoning module PaperTiledImporter (306)
[2018.09.26-17.52.10:046][678]LogModuleManager: Shutting down and abandoning module PaperSpriteSheetImporter (304)
[2018.09.26-17.52.10:047][678]LogModuleManager: Shutting down and abandoning module Paper2DEditor (302)
[2018.09.26-17.52.10:104][678]LogModuleManager: Shutting down and abandoning module MeshPaint (301)
[2018.09.26-17.52.10:122][678]LogModuleManager: Shutting down and abandoning module RuntimePhysXCooking (298)
[2018.09.26-17.52.10:122][678]LogModuleManager: Shutting down and abandoning module PhysXVehiclesEditor (296)
[2018.09.26-17.52.10:122][678]LogModuleManager: Shutting down and abandoning module PhysXVehicles (294)
[2018.09.26-17.52.10:122][678]LogModuleManager: Shutting down and abandoning module OculusEditor (292)
[2018.09.26-17.52.10:148][678]LogModuleManager: Shutting down and abandoning module LocationServicesBPLibrary (290)
[2018.09.26-17.52.10:148][678]LogModuleManager: Shutting down and abandoning module ImmediatePhysicsEditor (288)
[2018.09.26-17.52.10:148][678]LogModuleManager: Shutting down and abandoning module ImmediatePhysics (286)
[2018.09.26-17.52.10:148][678]LogModuleManager: Shutting down and abandoning module ActorSequence (284)
[2018.09.26-17.52.10:148][678]LogModuleManager: Shutting down and abandoning module UdpMessaging (282)
[2018.09.26-17.52.10:249][678]LogModuleManager: Shutting down and abandoning module TcpMessaging (280)
[2018.09.26-17.52.10:349][678]LogModuleManager: Shutting down and abandoning module MagicLeapAudio (278)
[2018.09.26-17.52.10:349][678]LogModuleManager: Shutting down and abandoning module GameplayTagsEditor (276)
[2018.09.26-17.52.10:384][678]LogModuleManager: Shutting down and abandoning module FacialAnimationEditor (274)
[2018.09.26-17.52.10:384][678]LogModuleManager: Shutting down and abandoning module FacialAnimation (272)
[2018.09.26-17.52.10:385][678]LogModuleManager: Shutting down and abandoning module DataValidation (270)
[2018.09.26-17.52.10:385][678]LogModuleManager: Shutting down and abandoning module AssetManagerEditor (268)
[2018.09.26-17.52.10:400][678]LogModuleManager: Shutting down and abandoning module LevelEditor (267)
[2018.09.26-17.52.10:432][678]LogModuleManager: Shutting down and abandoning module PixelInspectorModule (266)
[2018.09.26-17.52.10:459][678]LogModuleManager: Shutting down and abandoning module CommonMenuExtensions (264)
[2018.09.26-17.52.10:459][678]LogModuleManager: Shutting down and abandoning module MainFrame (262)
[2018.09.26-17.52.10:459][678]LogModuleManager: Shutting down and abandoning module HotReload (261)
[2018.09.26-17.52.10:486][678]LogModuleManager: Shutting down and abandoning module ContentBrowser (257)
[2018.09.26-17.52.10:487][678]LogModuleManager: Shutting down and abandoning module TreeMap (255)
[2018.09.26-17.52.10:487][678]LogModuleManager: Shutting down and abandoning module LightPropagationVolumeRuntime (252)
[2018.09.26-17.52.10:487][678]LogModuleManager: Shutting down and abandoning module AISupportModule (250)
[2018.09.26-17.52.10:487][678]LogModuleManager: Shutting down and abandoning module Paper2D (248)
[2018.09.26-17.52.10:487][678]LogModuleManager: Shutting down and abandoning module WindowsMoviePlayer (246)
[2018.09.26-17.52.10:487][678]LogModuleManager: Shutting down and abandoning module WmfMedia (244)
[2018.09.26-17.52.10:489][678]LogModuleManager: Shutting down and abandoning module Media (243)
[2018.09.26-17.52.10:496][678]LogModuleManager: Shutting down and abandoning module PacketHandler (240)
[2018.09.26-17.52.10:496][678]LogModuleManager: Shutting down and abandoning module ClothingSystemEditor (238)
[2018.09.26-17.52.10:496][678]LogModuleManager: Shutting down and abandoning module ClothingSystemRuntime (236)
[2018.09.26-17.52.10:496][678]LogModuleManager: Shutting down and abandoning module MediaAssets (234)
[2018.09.26-17.52.10:496][678]LogModuleManager: Shutting down and abandoning module Overlay (232)
[2018.09.26-17.52.10:496][678]LogModuleManager: Shutting down and abandoning module OverlayEditor (231)
[2018.09.26-17.52.10:496][678]LogModuleManager: Shutting down and abandoning module VREditor (228)
[2018.09.26-17.52.10:496][678]LogModuleManager: Shutting down and abandoning module StringTableEditor (226)
[2018.09.26-17.52.10:517][678]LogModuleManager: Shutting down and abandoning module GameplayTasksEditor (224)
[2018.09.26-17.52.10:517][678]LogModuleManager: Shutting down and abandoning module BehaviorTreeEditor (222)
[2018.09.26-17.52.10:554][678]LogModuleManager: Shutting down and abandoning module FunctionalTesting (220)
[2018.09.26-17.52.10:570][678]LogModuleManager: Shutting down and abandoning module CollisionAnalyzer (218)
[2018.09.26-17.52.10:591][678]LogModuleManager: Shutting down and abandoning module WorkspaceMenuStructure (217)
[2018.09.26-17.52.10:646][678]LogModuleManager: Shutting down and abandoning module UMG (214)
[2018.09.26-17.52.10:660][678]LogModuleManager: Shutting down and abandoning module UMGEditor (213)
[2018.09.26-17.52.10:689][678]LogModuleManager: Shutting down and abandoning module Sequencer (212)
[2018.09.26-17.52.10:750][678]LogModuleManager: Shutting down and abandoning module MessageLog (209)
[2018.09.26-17.52.10:750][678]LogModuleManager: Shutting down and abandoning module SlateReflector (204)
[2018.09.26-17.52.10:822][678]LogModuleManager: Shutting down and abandoning module Slate (202)
[2018.09.26-17.52.10:822][678]LogModuleManager: Shutting down and abandoning module EditorStyle (200)
[2018.09.26-17.52.10:824][678]LogModuleManager: Shutting down and abandoning module MRMesh (198)
[2018.09.26-17.52.10:824][678]LogModuleManager: Shutting down and abandoning module SourceCodeAccess (196)
[2018.09.26-17.52.10:824][678]LogModuleManager: Shutting down and abandoning module HeadMountedDisplay (194)
[2018.09.26-17.52.10:824][678]LogModuleManager: Shutting down and abandoning module XAudio2 (192)
[2018.09.26-17.52.10:824][678]LogModuleManager: Shutting down and abandoning module Networking (190)
[2018.09.26-17.52.10:824][678]LogModuleManager: Shutting down and abandoning module Core (188)
[2018.09.26-17.52.10:824][678]LogModuleManager: Shutting down and abandoning module LevelSequence (186)
[2018.09.26-17.52.10:824][678]LogModuleManager: Shutting down and abandoning module KismetCompiler (184)
[2018.09.26-17.52.10:824][678]LogModuleManager: Shutting down and abandoning module MeshUtilities (182)
[2018.09.26-17.52.10:851][678]LogModuleManager: Shutting down and abandoning module MeshMergeUtilities (181)
[2018.09.26-17.52.10:863][678]LogModuleManager: Shutting down and abandoning module MeshReductionInterface (180)
[2018.09.26-17.52.10:863][678]LogModuleManager: Shutting down and abandoning module SimplygonSwarm (179)
[2018.09.26-17.52.10:863][678]LogModuleManager: Shutting down and abandoning module ProxyLODMeshReduction (177)
[2018.09.26-17.52.10:906][678]LogModuleManager: Shutting down and abandoning module SimplygonMeshReduction (175)
[2018.09.26-17.52.10:906][678]LogModuleManager: Shutting down and abandoning module QuadricMeshReduction (173)
[2018.09.26-17.52.10:906][678]LogModuleManager: Shutting down and abandoning module MaterialBaking (169)
[2018.09.26-17.52.10:906][678]LogModuleManager: Shutting down and abandoning module DirectoryWatcher (165)
[2018.09.26-17.52.10:906][678]LogModuleManager: Shutting down and abandoning module DerivedDataCache (162)
[2018.09.26-17.52.10:962][678]LogDerivedDataCache: Shutdown
[2018.09.26-17.52.10:962][678]LogModuleManager: Shutting down and abandoning module XGEController (160)
[2018.09.26-17.52.10:962][678]LogXGEController: Cleaning working directory: C:/Users/jjhh9/AppData/Local/Temp/UnrealXGEWorkingDir/
[2018.09.26-17.52.10:975][678]LogModuleManager: Shutting down and abandoning module TargetPlatform (158)
[2018.09.26-17.52.10:975][678]LogModuleManager: Shutting down and abandoning module VulkanShaderFormat (157)
[2018.09.26-17.52.10:986][678]LogModuleManager: Shutting down and abandoning module ShaderFormatVectorVM (155)
[2018.09.26-17.52.11:050][678]LogModuleManager: Shutting down and abandoning module ShaderFormatOpenGL (153)
[2018.09.26-17.52.11:068][678]LogModuleManager: Shutting down and abandoning module ShaderFormatD3D (151)
[2018.09.26-17.52.11:068][678]LogModuleManager: Shutting down and abandoning module MetalShaderFormat (149)
[2018.09.26-17.52.11:104][678]LogModuleManager: Shutting down and abandoning module TextureFormatUncompressed (147)
[2018.09.26-17.52.11:104][678]LogModuleManager: Shutting down and abandoning module TextureFormatPVR (145)
[2018.09.26-17.52.11:104][678]LogModuleManager: Shutting down and abandoning module TextureFormatDXT (143)
[2018.09.26-17.52.11:121][678]LogModuleManager: Shutting down and abandoning module TextureFormatIntelISPCTexComp (141)
[2018.09.26-17.52.11:175][678]LogModuleManager: Shutting down and abandoning module TextureFormatASTC (139)
[2018.09.26-17.52.11:175][678]LogModuleManager: Shutting down and abandoning module ImageWrapper (138)
[2018.09.26-17.52.11:175][678]LogModuleManager: Shutting down and abandoning module TextureFormatAndroid (135)
[2018.09.26-17.52.11:175][678]LogModuleManager: Shutting down and abandoning module AudioFormatOpus (133)
[2018.09.26-17.52.11:175][678]LogModuleManager: Shutting down and abandoning module AudioFormatOgg (131)
[2018.09.26-17.52.11:175][678]LogModuleManager: Shutting down and abandoning module AudioFormatADPCM (129)
[2018.09.26-17.52.11:175][678]LogModuleManager: Shutting down and abandoning module LuminTargetPlatform (127)
[2018.09.26-17.52.11:175][678]LogModuleManager: Shutting down and abandoning module LinuxTargetPlatform (125)
[2018.09.26-17.52.11:175][678]LogModuleManager: Shutting down and abandoning module LinuxServerTargetPlatform (123)
[2018.09.26-17.52.11:175][678]LogModuleManager: Shutting down and abandoning module LinuxNoEditorTargetPlatform (121)
[2018.09.26-17.52.11:200][678]LogModuleManager: Shutting down and abandoning module LinuxClientTargetPlatform (119)
[2018.09.26-17.52.11:226][678]LogModuleManager: Shutting down and abandoning module TVOSTargetPlatform (117)
[2018.09.26-17.52.11:229][678]LogModuleManager: Shutting down and abandoning module Messaging (115)
[2018.09.26-17.52.11:229][678]LogModuleManager: Shutting down and abandoning module IOSTargetPlatform (113)
[2018.09.26-17.52.11:231][678]LogModuleManager: Shutting down and abandoning module HTML5TargetPlatform (111)
[2018.09.26-17.52.11:231][678]LogModuleManager: Shutting down and abandoning module AndroidTargetPlatform (109)
[2018.09.26-17.52.11:270][678]LogModuleManager: Shutting down and abandoning module WindowsTargetPlatform (107)
[2018.09.26-17.52.11:270][678]LogModuleManager: Shutting down and abandoning module WindowsServerTargetPlatform (105)
[2018.09.26-17.52.11:270][678]LogModuleManager: Shutting down and abandoning module WindowsNoEditorTargetPlatform (103)
[2018.09.26-17.52.11:270][678]LogModuleManager: Shutting down and abandoning module WindowsClientTargetPlatform (101)
[2018.09.26-17.52.11:270][678]LogModuleManager: Shutting down and abandoning module MacTargetPlatform (99)
[2018.09.26-17.52.11:270][678]LogModuleManager: Shutting down and abandoning module MacServerTargetPlatform (97)
[2018.09.26-17.52.11:270][678]LogModuleManager: Shutting down and abandoning module MacNoEditorTargetPlatform (95)
[2018.09.26-17.52.11:270][678]LogModuleManager: Shutting down and abandoning module MacClientTargetPlatform (93)
[2018.09.26-17.52.11:270][678]LogModuleManager: Shutting down and abandoning module AllDesktopTargetPlatform (91)
[2018.09.26-17.52.11:270][678]LogModuleManager: Shutting down and abandoning module InputCore (88)
[2018.09.26-17.52.11:270][678]LogModuleManager: Shutting down and abandoning module Settings (86)
[2018.09.26-17.52.11:270][678]LogModuleManager: Shutting down and abandoning module PhysXCooking (84)
[2018.09.26-17.52.11:270][678]LogModuleManager: Shutting down and abandoning module SteamVR (82)
[2018.09.26-17.52.11:270][678]LogModuleManager: Shutting down and abandoning module OculusHMD (80)
[2018.09.26-17.52.11:300][678]LogModuleManager: Shutting down and abandoning module ExampleDeviceProfileSelector (78)
[2018.09.26-17.52.11:300][678]LogModuleManager: Shutting down and abandoning module LauncherChunkInstaller (76)
[2018.09.26-17.52.11:300][678]LogModuleManager: Shutting down and abandoning module OnlineBlueprintSupport (74)
[2018.09.26-17.52.11:300][678]LogModuleManager: Shutting down and abandoning module OnlineSubsystem (70)
[2018.09.26-17.52.11:334][678]LogModuleManager: Shutting down and abandoning module XMPP (65)
[2018.09.26-17.52.11:361][678]LogModuleManager: Shutting down and abandoning module WebSockets (64)
[2018.09.26-17.52.11:429][678]LogModuleManager: Shutting down and abandoning module HTTP (61)
[2018.09.26-17.52.11:449][678]LogHttp: Display: Http module shutting down, but needs to wait on 1 outstanding Http requests:
[2018.09.26-17.52.11:449][678]LogHttp: Display: 	verb=[POST] url=[https://datarouter.ol.epicgames.com/datarouter/api/v1/public/data?SessionID=%7B9BF03243-4EFC-AC01-D710-E08C51F3975A%7D&AppID=UEEditor.Rocket.Release&AppVersion=4.20.3-4369336%2B%2B%2BUE4%2BRelease-4.20&UserID=2085a77a48c0bfcf45be1d9bdf9503c8%7Cd77c6bea0f8d4fe8ac1eb028c3d2e515%7Cd21377eb-7142-459c-b948-05162810947d&AppEnvironment=datacollector-binary&UploadType=eteventstream] status=Processing
[2018.09.26-17.52.11:465][678]LogModuleManager: Shutting down and abandoning module SSL (60)
[2018.09.26-17.52.11:523][678]LogModuleManager: Shutting down and abandoning module MagicLeapEmulator (56)
[2018.09.26-17.52.11:523][678]LogModuleManager: Shutting down and abandoning module MagicLeapPrivileges (54)
[2018.09.26-17.52.11:523][678]LogModuleManager: Shutting down and abandoning module MagicLeapIdentity (52)
[2018.09.26-17.52.11:523][678]LogModuleManager: Shutting down and abandoning module MagicLeapHelperVulkan (50)
[2018.09.26-17.52.11:523][678]LogModuleManager: Shutting down and abandoning module MagicLeapHelperOpenGL (48)
[2018.09.26-17.52.11:523][678]LogModuleManager: Shutting down and abandoning module MagicLeapSecureStorage (46)
[2018.09.26-17.52.11:523][678]LogModuleManager: Shutting down and abandoning module MagicLeapGestures (44)
[2018.09.26-17.52.11:523][678]LogModuleManager: Shutting down and abandoning module MagicLeapEyeTracker (42)
[2018.09.26-17.52.11:523][678]LogModuleManager: Shutting down and abandoning module MagicLeapController (40)
[2018.09.26-17.52.11:523][678]LogSlate: Slate User Destroyed.  User Index 0, Is Virtual User: 0
[2018.09.26-17.52.11:523][678]LogModuleManager: Shutting down and abandoning module MagicLeap (38)
[2018.09.26-17.52.11:523][678]LogModuleManager: Shutting down and abandoning module AnimationModifiers (36)
[2018.09.26-17.52.11:551][678]LogModuleManager: Shutting down and abandoning module PropertyEditor (35)
[2018.09.26-17.52.11:622][678]LogModuleManager: Shutting down and abandoning module AudioEditor (32)
[2018.09.26-17.52.11:646][678]LogModuleManager: Shutting down and abandoning module TextureCompressor (30)
[2018.09.26-17.52.11:664][678]LogModuleManager: Shutting down and abandoning module ShaderCore (28)
[2018.09.26-17.52.11:664][678]LogModuleManager: Shutting down and abandoning module Landscape (26)
[2018.09.26-17.52.11:664][678]LogModuleManager: Shutting down and abandoning module SlateRHIRenderer (24)
[2018.09.26-17.52.11:690][678]LogModuleManager: Shutting down and abandoning module OpenGLDrv (22)
[2018.09.26-17.52.11:705][678]LogModuleManager: Shutting down and abandoning module D3D11RHI (20)
[2018.09.26-17.52.11:705][678]LogModuleManager: Shutting down and abandoning module AnimGraphRuntime (18)
[2018.09.26-17.52.11:705][678]LogModuleManager: Shutting down and abandoning module Renderer (16)
[2018.09.26-17.52.11:705][678]LogModuleManager: Shutting down and abandoning module Engine (14)
[2018.09.26-17.52.11:705][678]LogModuleManager: Shutting down and abandoning module CoreUObject (12)
[2018.09.26-17.52.11:705][678]LogModuleManager: Shutting down and abandoning module NetworkFile (10)
[2018.09.26-17.52.11:720][678]LogModuleManager: Shutting down and abandoning module CookedIterativeFile (8)
[2018.09.26-17.52.11:720][678]LogModuleManager: Shutting down and abandoning module StreamingFile (6)
[2018.09.26-17.52.11:738][678]LogModuleManager: Shutting down and abandoning module SandboxFile (4)
[2018.09.26-17.52.11:738][678]LogModuleManager: Shutting down and abandoning module PakFile (2)
[2018.09.26-17.52.11:795][678]LogExit: Exiting.
[2018.09.26-17.52.11:818][678]Log file closed, 09/26/18 12:52:11
